[debug] [2022-08-09T06:27:57.686Z] ----------------------------------------------------------------------
[debug] [2022-08-09T06:27:57.688Z] Command:       C:\Program Files\nodejs\node.exe C:\Users\Hello\AppData\Roaming\npm\node_modules\firebase-tools\lib\bin\firebase.js deploy
[debug] [2022-08-09T06:27:57.689Z] CLI Version:   11.5.0
[debug] [2022-08-09T06:27:57.689Z] Platform:      win32
[debug] [2022-08-09T06:27:57.689Z] Node Version:  v16.15.0
[debug] [2022-08-09T06:27:57.690Z] Time:          Mon Aug 08 2022 23:27:57 GMT-0700 (Pacific Daylight Time)
[debug] [2022-08-09T06:27:57.690Z] ----------------------------------------------------------------------
[debug] 
[debug] [2022-08-09T06:27:57.768Z] > command requires scopes: ["email","openid","https://www.googleapis.com/auth/cloudplatformprojects.readonly","https://www.googleapis.com/auth/firebase","https://www.googleapis.com/auth/cloud-platform"]
[debug] [2022-08-09T06:27:57.768Z] > authorizing via signed-in user (ahmadpk194@gmail.com)
[debug] [2022-08-09T06:27:57.768Z] [iam] checking project breaking-bad-a58e4 for permissions ["firebase.projects.get","firebasehosting.sites.update"]
[debug] [2022-08-09T06:27:57.771Z] >>> [apiv2][query] POST https://cloudresourcemanager.googleapis.com/v1/projects/breaking-bad-a58e4:testIamPermissions [none]
[debug] [2022-08-09T06:27:57.771Z] >>> [apiv2][(partial)header] POST https://cloudresourcemanager.googleapis.com/v1/projects/breaking-bad-a58e4:testIamPermissions x-goog-quota-user=projects/breaking-bad-a58e4
[debug] [2022-08-09T06:27:57.771Z] >>> [apiv2][body] POST https://cloudresourcemanager.googleapis.com/v1/projects/breaking-bad-a58e4:testIamPermissions {"permissions":["firebase.projects.get","firebasehosting.sites.update"]}
[debug] [2022-08-09T06:28:00.353Z] <<< [apiv2][status] POST https://cloudresourcemanager.googleapis.com/v1/projects/breaking-bad-a58e4:testIamPermissions 200
[debug] [2022-08-09T06:28:00.353Z] <<< [apiv2][body] POST https://cloudresourcemanager.googleapis.com/v1/projects/breaking-bad-a58e4:testIamPermissions {"permissions":["firebase.projects.get","firebasehosting.sites.update"]}
[debug] [2022-08-09T06:28:00.356Z] >>> [apiv2][query] GET https://firebase.googleapis.com/v1beta1/projects/breaking-bad-a58e4 [none]
[debug] [2022-08-09T06:28:02.117Z] <<< [apiv2][status] GET https://firebase.googleapis.com/v1beta1/projects/breaking-bad-a58e4 200
[debug] [2022-08-09T06:28:02.119Z] <<< [apiv2][body] GET https://firebase.googleapis.com/v1beta1/projects/breaking-bad-a58e4 {"projectId":"breaking-bad-a58e4","projectNumber":"745400358257","displayName":"breaking-bad","name":"projects/breaking-bad-a58e4","resources":{"hostingSite":"breaking-bad-a58e4"},"state":"ACTIVE","etag":"1_6025ea8d-2989-4f99-962c-429d8e46ba0d"}
[info] 
[info] === Deploying to 'breaking-bad-a58e4'...
[info] 
[info] i  deploying hosting 
[debug] [2022-08-09T06:28:02.128Z] >>> [apiv2][query] GET https://firebase.googleapis.com/v1beta1/projects/breaking-bad-a58e4 [none]
[debug] [2022-08-09T06:28:03.415Z] <<< [apiv2][status] GET https://firebase.googleapis.com/v1beta1/projects/breaking-bad-a58e4 200
[debug] [2022-08-09T06:28:03.416Z] <<< [apiv2][body] GET https://firebase.googleapis.com/v1beta1/projects/breaking-bad-a58e4 {"projectId":"breaking-bad-a58e4","projectNumber":"745400358257","displayName":"breaking-bad","name":"projects/breaking-bad-a58e4","resources":{"hostingSite":"breaking-bad-a58e4"},"state":"ACTIVE","etag":"1_6025ea8d-2989-4f99-962c-429d8e46ba0d"}
[debug] [2022-08-09T06:28:03.425Z] >>> [apiv2][query] POST https://firebasehosting.googleapis.com/v1beta1/projects/745400358257/sites/breaking-bad-a58e4/versions [none]
[debug] [2022-08-09T06:28:03.425Z] >>> [apiv2][body] POST https://firebasehosting.googleapis.com/v1beta1/projects/745400358257/sites/breaking-bad-a58e4/versions {"config":{"rewrites":[{"glob":"**","path":"/index.html"}]},"labels":{"deployment-tool":"cli-firebase"}}
[debug] [2022-08-09T06:28:07.083Z] <<< [apiv2][status] POST https://firebasehosting.googleapis.com/v1beta1/projects/745400358257/sites/breaking-bad-a58e4/versions 200
[debug] [2022-08-09T06:28:07.083Z] <<< [apiv2][body] POST https://firebasehosting.googleapis.com/v1beta1/projects/745400358257/sites/breaking-bad-a58e4/versions {"name":"projects/745400358257/sites/breaking-bad-a58e4/versions/77328953bbb445fd","status":"CREATED","config":{"rewrites":[{"glob":"**","path":"/index.html"}]},"labels":{"deployment-tool":"cli-firebase"}}
[info] i  hosting[breaking-bad-a58e4]: beginning deploy... 
[info] i  hosting[breaking-bad-a58e4]: found 10 files in build 
[debug] [2022-08-09T06:28:07.141Z] [hosting] uploading with 200 concurrency
[debug] [2022-08-09T06:28:07.145Z] [hosting] hash cache [YnVpbGQ] not populated
[debug] [2022-08-09T06:28:07.392Z] [hosting] hash cache [YnVpbGQ] stored for 10 files
[debug] [2022-08-09T06:28:07.393Z] [hosting][hash queue][FINAL] {"max":223,"min":45,"avg":68,"active":0,"complete":10,"success":10,"errored":0,"retried":0,"total":10,"elapsed":240}
[debug] [2022-08-09T06:28:07.393Z] >>> [apiv2][query] POST https://firebasehosting.googleapis.com/v1beta1/projects/745400358257/sites/breaking-bad-a58e4/versions/77328953bbb445fd:populateFiles [none]
[debug] [2022-08-09T06:28:07.393Z] >>> [apiv2][body] POST https://firebasehosting.googleapis.com/v1beta1/projects/745400358257/sites/breaking-bad-a58e4/versions/77328953bbb445fd:populateFiles {"files":{"/asset-manifest.json":"daf57e308aa7a4fe7e4fcc8bd41b6c49a7b47e1ffcf3bbafb13ccede6055a9d2","/index.html":"9fd4371d214675af57a94fcfa11fb607bef3f94b15d4b6406597e5270ebb4109","/static/css/main.881c1a03.css":"f0f154de2a08b4b5f68895370064e6f3921f2fb580d6df619bf5074d4f88c654","/static/js/main.bf1343ec.js.LICENSE.txt":"976dbd7959365ef7e9cf4ca4d0a89827ca0f29314c7e306e33ccc3e7c14ba767","/static/css/main.881c1a03.css.map":"4964e5f2ebce80dff7ac5ad67b7292c5d1c6091342f0e0805f6f64f3e01543d4","/static/media/logo.e6ecab4407f10ecd02bd.png":"c266c5f1336223ee18dac778c822cb926a41bbb17f082fe4c4f725b82e64c5da","/static/media/spinner.11d9cde8ebaeadb07ba7.gif":"80ae7911c85d88b90e6bdfb799a98487969a0dab08d0139a1124e927a5564810","/static/media/bg.085908ea8f76e1ae1806.jpg":"9d6874cbaf26daba4f529d2d5a1881eaf02b5955ddab88ceab60f034ea2599c1","/static/js/main.bf1343ec.js":"de5c64674176107f6a6eec3a807bac9080935bfc64bb23d91d7656cb91358e52","/static/js/main.bf1343ec.js.map":"06f2ee94b909ff37dbc29560f8a10d8a2db7b99daf7955b1c6a19fbdd110038e"}}
[debug] [2022-08-09T06:28:10.028Z] <<< [apiv2][status] POST https://firebasehosting.googleapis.com/v1beta1/projects/745400358257/sites/breaking-bad-a58e4/versions/77328953bbb445fd:populateFiles 200
[debug] [2022-08-09T06:28:10.028Z] <<< [apiv2][body] POST https://firebasehosting.googleapis.com/v1beta1/projects/745400358257/sites/breaking-bad-a58e4/versions/77328953bbb445fd:populateFiles {"uploadRequiredHashes":["976dbd7959365ef7e9cf4ca4d0a89827ca0f29314c7e306e33ccc3e7c14ba767","c266c5f1336223ee18dac778c822cb926a41bbb17f082fe4c4f725b82e64c5da","de5c64674176107f6a6eec3a807bac9080935bfc64bb23d91d7656cb91358e52","06f2ee94b909ff37dbc29560f8a10d8a2db7b99daf7955b1c6a19fbdd110038e","9fd4371d214675af57a94fcfa11fb607bef3f94b15d4b6406597e5270ebb4109","4964e5f2ebce80dff7ac5ad67b7292c5d1c6091342f0e0805f6f64f3e01543d4","80ae7911c85d88b90e6bdfb799a98487969a0dab08d0139a1124e927a5564810","9d6874cbaf26daba4f529d2d5a1881eaf02b5955ddab88ceab60f034ea2599c1","f0f154de2a08b4b5f68895370064e6f3921f2fb580d6df619bf5074d4f88c654","daf57e308aa7a4fe7e4fcc8bd41b6c49a7b47e1ffcf3bbafb13ccede6055a9d2"],"uploadUrl":"https://upload-firebasehosting.googleapis.com/upload/sites/breaking-bad-a58e4/versions/77328953bbb445fd/files"}
[debug] [2022-08-09T06:28:10.039Z] >>> [apiv2][query] POST https://upload-firebasehosting.googleapis.com/upload/sites/breaking-bad-a58e4/versions/77328953bbb445fd/files/976dbd7959365ef7e9cf4ca4d0a89827ca0f29314c7e306e33ccc3e7c14ba767 [none]
[debug] [2022-08-09T06:28:10.039Z] >>> [apiv2][body] POST https://upload-firebasehosting.googleapis.com/upload/sites/breaking-bad-a58e4/versions/77328953bbb445fd/files/976dbd7959365ef7e9cf4ca4d0a89827ca0f29314c7e306e33ccc3e7c14ba767 [stream]
[debug] [2022-08-09T06:28:10.043Z] >>> [apiv2][query] POST https://upload-firebasehosting.googleapis.com/upload/sites/breaking-bad-a58e4/versions/77328953bbb445fd/files/c266c5f1336223ee18dac778c822cb926a41bbb17f082fe4c4f725b82e64c5da [none]
[debug] [2022-08-09T06:28:10.044Z] >>> [apiv2][body] POST https://upload-firebasehosting.googleapis.com/upload/sites/breaking-bad-a58e4/versions/77328953bbb445fd/files/c266c5f1336223ee18dac778c822cb926a41bbb17f082fe4c4f725b82e64c5da [stream]
[debug] [2022-08-09T06:28:10.047Z] >>> [apiv2][query] POST https://upload-firebasehosting.googleapis.com/upload/sites/breaking-bad-a58e4/versions/77328953bbb445fd/files/de5c64674176107f6a6eec3a807bac9080935bfc64bb23d91d7656cb91358e52 [none]
[debug] [2022-08-09T06:28:10.047Z] >>> [apiv2][body] POST https://upload-firebasehosting.googleapis.com/upload/sites/breaking-bad-a58e4/versions/77328953bbb445fd/files/de5c64674176107f6a6eec3a807bac9080935bfc64bb23d91d7656cb91358e52 [stream]
[debug] [2022-08-09T06:28:10.050Z] >>> [apiv2][query] POST https://upload-firebasehosting.googleapis.com/upload/sites/breaking-bad-a58e4/versions/77328953bbb445fd/files/06f2ee94b909ff37dbc29560f8a10d8a2db7b99daf7955b1c6a19fbdd110038e [none]
[debug] [2022-08-09T06:28:10.051Z] >>> [apiv2][body] POST https://upload-firebasehosting.googleapis.com/upload/sites/breaking-bad-a58e4/versions/77328953bbb445fd/files/06f2ee94b909ff37dbc29560f8a10d8a2db7b99daf7955b1c6a19fbdd110038e [stream]
[debug] [2022-08-09T06:28:10.055Z] >>> [apiv2][query] POST https://upload-firebasehosting.googleapis.com/upload/sites/breaking-bad-a58e4/versions/77328953bbb445fd/files/9fd4371d214675af57a94fcfa11fb607bef3f94b15d4b6406597e5270ebb4109 [none]
[debug] [2022-08-09T06:28:10.056Z] >>> [apiv2][body] POST https://upload-firebasehosting.googleapis.com/upload/sites/breaking-bad-a58e4/versions/77328953bbb445fd/files/9fd4371d214675af57a94fcfa11fb607bef3f94b15d4b6406597e5270ebb4109 [stream]
[debug] [2022-08-09T06:28:10.059Z] >>> [apiv2][query] POST https://upload-firebasehosting.googleapis.com/upload/sites/breaking-bad-a58e4/versions/77328953bbb445fd/files/4964e5f2ebce80dff7ac5ad67b7292c5d1c6091342f0e0805f6f64f3e01543d4 [none]
[debug] [2022-08-09T06:28:10.060Z] >>> [apiv2][body] POST https://upload-firebasehosting.googleapis.com/upload/sites/breaking-bad-a58e4/versions/77328953bbb445fd/files/4964e5f2ebce80dff7ac5ad67b7292c5d1c6091342f0e0805f6f64f3e01543d4 [stream]
[debug] [2022-08-09T06:28:10.063Z] >>> [apiv2][query] POST https://upload-firebasehosting.googleapis.com/upload/sites/breaking-bad-a58e4/versions/77328953bbb445fd/files/80ae7911c85d88b90e6bdfb799a98487969a0dab08d0139a1124e927a5564810 [none]
[debug] [2022-08-09T06:28:10.064Z] >>> [apiv2][body] POST https://upload-firebasehosting.googleapis.com/upload/sites/breaking-bad-a58e4/versions/77328953bbb445fd/files/80ae7911c85d88b90e6bdfb799a98487969a0dab08d0139a1124e927a5564810 [stream]
[debug] [2022-08-09T06:28:10.067Z] >>> [apiv2][query] POST https://upload-firebasehosting.googleapis.com/upload/sites/breaking-bad-a58e4/versions/77328953bbb445fd/files/9d6874cbaf26daba4f529d2d5a1881eaf02b5955ddab88ceab60f034ea2599c1 [none]
[debug] [2022-08-09T06:28:10.067Z] >>> [apiv2][body] POST https://upload-firebasehosting.googleapis.com/upload/sites/breaking-bad-a58e4/versions/77328953bbb445fd/files/9d6874cbaf26daba4f529d2d5a1881eaf02b5955ddab88ceab60f034ea2599c1 [stream]
[debug] [2022-08-09T06:28:10.069Z] >>> [apiv2][query] POST https://upload-firebasehosting.googleapis.com/upload/sites/breaking-bad-a58e4/versions/77328953bbb445fd/files/f0f154de2a08b4b5f68895370064e6f3921f2fb580d6df619bf5074d4f88c654 [none]
[debug] [2022-08-09T06:28:10.069Z] >>> [apiv2][body] POST https://upload-firebasehosting.googleapis.com/upload/sites/breaking-bad-a58e4/versions/77328953bbb445fd/files/f0f154de2a08b4b5f68895370064e6f3921f2fb580d6df619bf5074d4f88c654 [stream]
[debug] [2022-08-09T06:28:10.070Z] >>> [apiv2][query] POST https://upload-firebasehosting.googleapis.com/upload/sites/breaking-bad-a58e4/versions/77328953bbb445fd/files/daf57e308aa7a4fe7e4fcc8bd41b6c49a7b47e1ffcf3bbafb13ccede6055a9d2 [none]
[debug] [2022-08-09T06:28:10.071Z] >>> [apiv2][body] POST https://upload-firebasehosting.googleapis.com/upload/sites/breaking-bad-a58e4/versions/77328953bbb445fd/files/daf57e308aa7a4fe7e4fcc8bd41b6c49a7b47e1ffcf3bbafb13ccede6055a9d2 [stream]
[debug] [2022-08-09T06:28:10.072Z] [hosting][populate queue][FINAL] {"max":2647,"min":2647,"avg":2647,"active":0,"complete":1,"success":1,"errored":0,"retried":0,"total":1,"elapsed":2681}
[debug] [2022-08-09T06:28:10.073Z] [hosting] uploads queued: 10
[debug] [2022-08-09T06:28:13.250Z] <<< [apiv2][status] POST https://upload-firebasehosting.googleapis.com/upload/sites/breaking-bad-a58e4/versions/77328953bbb445fd/files/c266c5f1336223ee18dac778c822cb926a41bbb17f082fe4c4f725b82e64c5da 200
[debug] [2022-08-09T06:28:13.251Z] <<< [apiv2][body] POST https://upload-firebasehosting.googleapis.com/upload/sites/breaking-bad-a58e4/versions/77328953bbb445fd/files/c266c5f1336223ee18dac778c822cb926a41bbb17f082fe4c4f725b82e64c5da [stream]
[debug] [2022-08-09T06:28:13.390Z] <<< [apiv2][status] POST https://upload-firebasehosting.googleapis.com/upload/sites/breaking-bad-a58e4/versions/77328953bbb445fd/files/9fd4371d214675af57a94fcfa11fb607bef3f94b15d4b6406597e5270ebb4109 200
[debug] [2022-08-09T06:28:13.391Z] <<< [apiv2][body] POST https://upload-firebasehosting.googleapis.com/upload/sites/breaking-bad-a58e4/versions/77328953bbb445fd/files/9fd4371d214675af57a94fcfa11fb607bef3f94b15d4b6406597e5270ebb4109 [stream]
[debug] [2022-08-09T06:28:13.475Z] <<< [apiv2][status] POST https://upload-firebasehosting.googleapis.com/upload/sites/breaking-bad-a58e4/versions/77328953bbb445fd/files/976dbd7959365ef7e9cf4ca4d0a89827ca0f29314c7e306e33ccc3e7c14ba767 200
[debug] [2022-08-09T06:28:13.475Z] <<< [apiv2][body] POST https://upload-firebasehosting.googleapis.com/upload/sites/breaking-bad-a58e4/versions/77328953bbb445fd/files/976dbd7959365ef7e9cf4ca4d0a89827ca0f29314c7e306e33ccc3e7c14ba767 [stream]
[debug] [2022-08-09T06:28:13.599Z] <<< [apiv2][status] POST https://upload-firebasehosting.googleapis.com/upload/sites/breaking-bad-a58e4/versions/77328953bbb445fd/files/4964e5f2ebce80dff7ac5ad67b7292c5d1c6091342f0e0805f6f64f3e01543d4 200
[debug] [2022-08-09T06:28:13.600Z] <<< [apiv2][body] POST https://upload-firebasehosting.googleapis.com/upload/sites/breaking-bad-a58e4/versions/77328953bbb445fd/files/4964e5f2ebce80dff7ac5ad67b7292c5d1c6091342f0e0805f6f64f3e01543d4 [stream]
[debug] [2022-08-09T06:28:13.783Z] <<< [apiv2][status] POST https://upload-firebasehosting.googleapis.com/upload/sites/breaking-bad-a58e4/versions/77328953bbb445fd/files/f0f154de2a08b4b5f68895370064e6f3921f2fb580d6df619bf5074d4f88c654 200
[debug] [2022-08-09T06:28:13.784Z] <<< [apiv2][body] POST https://upload-firebasehosting.googleapis.com/upload/sites/breaking-bad-a58e4/versions/77328953bbb445fd/files/f0f154de2a08b4b5f68895370064e6f3921f2fb580d6df619bf5074d4f88c654 [stream]
[debug] [2022-08-09T06:28:13.800Z] <<< [apiv2][status] POST https://upload-firebasehosting.googleapis.com/upload/sites/breaking-bad-a58e4/versions/77328953bbb445fd/files/daf57e308aa7a4fe7e4fcc8bd41b6c49a7b47e1ffcf3bbafb13ccede6055a9d2 200
[debug] [2022-08-09T06:28:13.800Z] <<< [apiv2][body] POST https://upload-firebasehosting.googleapis.com/upload/sites/breaking-bad-a58e4/versions/77328953bbb445fd/files/daf57e308aa7a4fe7e4fcc8bd41b6c49a7b47e1ffcf3bbafb13ccede6055a9d2 [stream]
[debug] [2022-08-09T06:28:14.500Z] <<< [apiv2][status] POST https://upload-firebasehosting.googleapis.com/upload/sites/breaking-bad-a58e4/versions/77328953bbb445fd/files/9d6874cbaf26daba4f529d2d5a1881eaf02b5955ddab88ceab60f034ea2599c1 200
[debug] [2022-08-09T06:28:14.501Z] <<< [apiv2][body] POST https://upload-firebasehosting.googleapis.com/upload/sites/breaking-bad-a58e4/versions/77328953bbb445fd/files/9d6874cbaf26daba4f529d2d5a1881eaf02b5955ddab88ceab60f034ea2599c1 [stream]
[debug] [2022-08-09T06:28:17.270Z] <<< [apiv2][status] POST https://upload-firebasehosting.googleapis.com/upload/sites/breaking-bad-a58e4/versions/77328953bbb445fd/files/de5c64674176107f6a6eec3a807bac9080935bfc64bb23d91d7656cb91358e52 200
[debug] [2022-08-09T06:28:17.271Z] <<< [apiv2][body] POST https://upload-firebasehosting.googleapis.com/upload/sites/breaking-bad-a58e4/versions/77328953bbb445fd/files/de5c64674176107f6a6eec3a807bac9080935bfc64bb23d91d7656cb91358e52 [stream]
[debug] [2022-08-09T06:28:17.589Z] <<< [apiv2][status] POST https://upload-firebasehosting.googleapis.com/upload/sites/breaking-bad-a58e4/versions/77328953bbb445fd/files/80ae7911c85d88b90e6bdfb799a98487969a0dab08d0139a1124e927a5564810 200
[debug] [2022-08-09T06:28:17.589Z] <<< [apiv2][body] POST https://upload-firebasehosting.googleapis.com/upload/sites/breaking-bad-a58e4/versions/77328953bbb445fd/files/80ae7911c85d88b90e6bdfb799a98487969a0dab08d0139a1124e927a5564810 [stream]
[debug] [2022-08-09T06:28:17.646Z] <<< [apiv2][status] POST https://upload-firebasehosting.googleapis.com/upload/sites/breaking-bad-a58e4/versions/77328953bbb445fd/files/06f2ee94b909ff37dbc29560f8a10d8a2db7b99daf7955b1c6a19fbdd110038e 200
[debug] [2022-08-09T06:28:17.646Z] <<< [apiv2][body] POST https://upload-firebasehosting.googleapis.com/upload/sites/breaking-bad-a58e4/versions/77328953bbb445fd/files/06f2ee94b909ff37dbc29560f8a10d8a2db7b99daf7955b1c6a19fbdd110038e [stream]
[debug] [2022-08-09T06:28:17.647Z] [hosting][upload queue][FINAL] {"max":7615,"min":3221,"avg":4797.8,"active":0,"complete":10,"success":10,"errored":0,"retried":0,"total":10,"elapsed":7618}
[info] +  hosting[breaking-bad-a58e4]: file upload complete 
[debug] [2022-08-09T06:28:17.650Z] [hosting] deploy completed after 10561ms
[debug] [2022-08-09T06:28:17.657Z] [
  {
    "config": {
      "public": "build",
      "ignore": [
        "firebase.json",
        "**/.*",
        "**/node_modules/**"
      ],
      "rewrites": [
        {
          "source": "**",
          "destination": "/index.html"
        }
      ],
      "site": "breaking-bad-a58e4"
    },
    "site": "breaking-bad-a58e4",
    "version": "projects/745400358257/sites/breaking-bad-a58e4/versions/77328953bbb445fd"
  }
]
[info] i  hosting[breaking-bad-a58e4]: finalizing version... 
[debug] [2022-08-09T06:28:17.661Z] >>> [apiv2][query] PATCH https://firebasehosting.googleapis.com/v1beta1/projects/745400358257/sites/breaking-bad-a58e4/versions/77328953bbb445fd updateMask=status%2Cconfig
[debug] [2022-08-09T06:28:17.661Z] >>> [apiv2][body] PATCH https://firebasehosting.googleapis.com/v1beta1/projects/745400358257/sites/breaking-bad-a58e4/versions/77328953bbb445fd {"status":"FINALIZED","config":{"rewrites":[{"glob":"**","path":"/index.html"}]}}
[debug] [2022-08-09T06:28:20.151Z] <<< [apiv2][status] PATCH https://firebasehosting.googleapis.com/v1beta1/projects/745400358257/sites/breaking-bad-a58e4/versions/77328953bbb445fd 200
[debug] [2022-08-09T06:28:20.152Z] <<< [apiv2][body] PATCH https://firebasehosting.googleapis.com/v1beta1/projects/745400358257/sites/breaking-bad-a58e4/versions/77328953bbb445fd {"name":"projects/745400358257/sites/breaking-bad-a58e4/versions/77328953bbb445fd","status":"FINALIZED","config":{"rewrites":[{"glob":"**","path":"/index.html"}]},"labels":{"deployment-tool":"cli-firebase"},"createTime":"2022-08-09T06:28:04.442872Z","createUser":{"email":"ahmadpk194@gmail.com"},"finalizeTime":"2022-08-09T06:28:18.422787Z","finalizeUser":{"email":"ahmadpk194@gmail.com"}}
[debug] [2022-08-09T06:28:20.152Z] [hosting] finalized version for breaking-bad-a58e4:[object Object]
[info] +  hosting[breaking-bad-a58e4]: version finalized 
[info] i  hosting[breaking-bad-a58e4]: releasing new version... 
[debug] [2022-08-09T06:28:20.156Z] >>> [apiv2][query] POST https://firebasehosting.googleapis.com/v1beta1/projects/745400358257/sites/breaking-bad-a58e4/releases versionName=projects%2F745400358257%2Fsites%2Fbreaking-bad-a58e4%2Fversions%2F77328953bbb445fd
[debug] [2022-08-09T06:28:20.156Z] >>> [apiv2][body] POST https://firebasehosting.googleapis.com/v1beta1/projects/745400358257/sites/breaking-bad-a58e4/releases {"message":null}
[debug] [2022-08-09T06:28:22.725Z] <<< [apiv2][status] POST https://firebasehosting.googleapis.com/v1beta1/projects/745400358257/sites/breaking-bad-a58e4/releases 200
[debug] [2022-08-09T06:28:22.726Z] <<< [apiv2][body] POST https://firebasehosting.googleapis.com/v1beta1/projects/745400358257/sites/breaking-bad-a58e4/releases {"name":"projects/745400358257/sites/breaking-bad-a58e4/releases/1660026500219319","version":{"name":"projects/745400358257/sites/breaking-bad-a58e4/versions/77328953bbb445fd","status":"FINALIZED","config":{"rewrites":[{"glob":"**","path":"/index.html"}]},"labels":{"deployment-tool":"cli-firebase"},"createTime":"2022-08-09T06:28:04.442872Z","createUser":{"email":"ahmadpk194@gmail.com","imageUrl":"https://lh3.googleusercontent.com/a-/AFdZucrWm0l73kcNSdDKy-I0SQoUn4U1D4xz-saV4t-BGg"},"finalizeTime":"2022-08-09T06:28:18.422787Z","finalizeUser":{"email":"ahmadpk194@gmail.com","imageUrl":"https://lh3.googleusercontent.com/a-/AFdZucrWm0l73kcNSdDKy-I0SQoUn4U1D4xz-saV4t-BGg"}},"type":"DEPLOY","releaseTime":"2022-08-09T06:28:20.219319857Z","releaseUser":{"email":"ahmadpk194@gmail.com","imageUrl":"https://lh3.googleusercontent.com/a-/AFdZucrWm0l73kcNSdDKy-I0SQoUn4U1D4xz-saV4t-BGg"}}
[debug] [2022-08-09T06:28:22.727Z] [hosting] release: {"name":"projects/745400358257/sites/breaking-bad-a58e4/releases/1660026500219319","version":{"name":"projects/745400358257/sites/breaking-bad-a58e4/versions/77328953bbb445fd","status":"FINALIZED","config":{"rewrites":[{"glob":"**","path":"/index.html"}]},"labels":{"deployment-tool":"cli-firebase"},"createTime":"2022-08-09T06:28:04.442872Z","createUser":{"email":"ahmadpk194@gmail.com","imageUrl":"https://lh3.googleusercontent.com/a-/AFdZucrWm0l73kcNSdDKy-I0SQoUn4U1D4xz-saV4t-BGg"},"finalizeTime":"2022-08-09T06:28:18.422787Z","finalizeUser":{"email":"ahmadpk194@gmail.com","imageUrl":"https://lh3.googleusercontent.com/a-/AFdZucrWm0l73kcNSdDKy-I0SQoUn4U1D4xz-saV4t-BGg"}},"type":"DEPLOY","releaseTime":"2022-08-09T06:28:20.219319857Z","releaseUser":{"email":"ahmadpk194@gmail.com","imageUrl":"https://lh3.googleusercontent.com/a-/AFdZucrWm0l73kcNSdDKy-I0SQoUn4U1D4xz-saV4t-BGg"}}
[info] +  hosting[breaking-bad-a58e4]: release complete 
